epoch,train_loss,validation_loss
1,3.6631761421360878,3.5652208543214643
2,3.1345842922968794,3.1297339025090953
3,2.7625155128837893,2.5495182432112147
4,2.4486625718768003,2.0751698564310543
5,2.179395856237311,1.9627422866274098
6,1.9345409808400822,1.4356072056488913
7,1.711884424625945,1.374649465084076
8,1.5179611237810227,1.085814119851003
9,1.3493096212251998,0.8403003015479104
10,1.208818594383639,0.9719175149182804
11,1.0926669866287684,0.9152019072751529
12,0.9973468737042731,0.6855401259953858
13,0.9183449736987309,0.6365263181143119
14,0.8522230101312189,0.5860797496604138
15,0.7975383930806126,0.5850693617687851
16,0.7522054941533232,0.5595079208495187
17,0.7110272293741052,0.5319137780881319
18,0.6771296960858916,0.5159188443031467
19,0.6449064623099805,0.5105329957164702
20,0.6196961592544209,0.5245129974161993
21,0.5952284992623279,0.489094683625659
22,0.5761044853018403,0.4927414738741077
23,0.5573271988688261,0.4857573895180812
24,0.5413387506948213,0.4812906333168999
25,0.5257094514105335,0.4851621804667301
26,0.5112939253921993,0.45270989737549766
27,0.4998022832968774,0.443961070209253
28,0.4876318589388442,0.4528172145612904
29,0.4766090210157015,0.44685071022784123
30,0.4670806456254854,0.43949302713401983
31,0.45907385729206035,0.43646420294144117
32,0.45006817847049263,0.4365304608325489
33,0.44180791467491215,0.4363741212692417
34,0.4338350059114097,0.43612326364048193
35,0.42595150660384784,0.41896585753706633
36,0.4186867777313289,0.41757802420952284
37,0.4132128294565209,0.41681812630325066
38,0.4062342852921113,0.4199407164190636
39,0.400852969818085,0.41475423217796886
40,0.3949430975866116,0.4245340816798757
41,0.3900204786664588,0.40525554706815814
42,0.38352159478447656,0.4254453008780714
43,0.3772023641848917,0.41351635216689503
44,0.37109737504612317,0.4051957557924458
45,0.36422480173393235,0.4323296341739717
46,0.35524940166236485,0.4274261945583781
47,0.346550183524289,0.41631312668323517
48,0.3385480033040803,0.4039141621257438
49,0.3321691937508341,0.42339856165354367
50,0.32448673374305065,0.4117421757002346
51,0.3192539120734872,0.39731914513423794
52,0.31513836830224345,0.401787669199412
53,0.31001529102282593,0.4153374330919297
54,0.3063914135381989,0.38441829236804465
55,0.30201996817208243,0.3811692734722231
56,0.2994799175108714,0.38397830333866056
57,0.29447901333991366,0.3786334385637377
58,0.2920997504924619,0.37161652719388244
59,0.2888778182215217,0.38413142693824454
60,0.28619090461390717,0.37393675475824073
61,0.28292162730565285,0.38038377854667726
62,0.2806484422490914,0.3691404842939533
63,0.2773362870542746,0.3786551263488707
64,0.27510235071119243,0.3832087785494132
65,0.27283244468192974,0.36702245473861694
66,0.2706892124946223,0.3697264336171697
67,0.26835163232198983,0.381898327440512
68,0.26611003815245676,0.38846206787179727
69,0.2651265862911751,0.37323081078099424
70,0.26345837380870957,0.37825352124503403
71,0.2614641911635691,0.3621020026382853
72,0.25945772926852767,0.3688451261793981
73,0.25788449433023786,0.3633515544113566
74,0.25660356123150024,0.37772364474710873
75,0.254430573473017,0.35448255609782015
76,0.25302833717229756,0.3455781871910955
77,0.25316428489211246,0.3557201804684811
78,0.25070605485308245,0.35991044806652384
79,0.24926137706820103,0.37124747502022104
80,0.24855449483838193,0.3658950504709463
81,0.24686510325360247,0.3645858632736519
82,0.24439973688150812,0.3554339769189475
83,0.24455468616513318,0.3558825990948521
84,0.24327826216407356,0.35328333971441767
85,0.24169377344670306,0.35808388107135647
86,0.2413053400893292,0.3568080197103688
87,0.24052047049016329,0.3515922235416584
88,0.23847786650597166,0.3402991371809459
89,0.23729394321146777,0.3508818972794736
90,0.23650740606840268,0.3627183364063013
91,0.2353016915268424,0.3440175190812252
92,0.23398224091114,0.34464910150062844
93,0.23327202151429074,0.34226148160266096
94,0.2328250887183508,0.3507966147583039
95,0.23116073265955261,0.3536805539834695
96,0.22998538419572798,0.352912825883412
97,0.23016626643012997,0.354252960593974
98,0.22858845732365804,0.34107315271604255
99,0.2282600950520588,0.344280444818442
100,0.2275679583088288,0.3599131998957181
101,0.22580925041285932,0.343803377913647
102,0.22583881707322523,0.3542168900126316
103,0.22517767463501615,0.3447625470943138
104,0.22400228091639646,0.339103884872843
105,0.22416651586019465,0.340486964974247
106,0.22327514922140013,0.3506963475317251
107,0.22186873401131238,0.35248606542094807
108,0.2207317483664567,0.3578674131241001
109,0.2205161812221021,0.34229688309743755
110,0.21944756563319717,0.3432844729452837
111,0.2197024002986277,0.337028082276954
112,0.21886108960586168,0.3457883870015379
113,0.21829506302799787,0.3336126356095564
114,0.21742613931790972,0.342775788097108
115,0.21599524465033165,0.3487373718717059
116,0.21564976322852533,0.33571976545404214
117,0.21560432158615322,0.3356756407950745
118,0.21464497811824523,0.3418052900032919
119,0.21453641564536044,0.34407968330578725
120,0.21307947982819336,0.3411126710840913
121,0.2134969219344867,0.3331968424017312
122,0.21182840675052578,0.3453743632455341
123,0.21193295540819712,0.3323593000408079
124,0.21133941434024503,0.3382222329983946
125,0.21036632872535108,0.3415658848940349
126,0.20953200088053878,0.35422708411685755
127,0.20946353839328374,0.3301732491274349
128,0.20890937710917273,0.3415086494117487
129,0.2077665272115653,0.33047675097086393
130,0.20795970269917938,0.34859890722837605
131,0.20745999785041708,0.33997249981907546
132,0.20689212294575024,0.336751501091191
133,0.2068090230919594,0.3464535833870778
134,0.20637770899695523,0.3278774718036417
135,0.20608081674916043,0.337441582660206
136,0.20562996296310526,0.3410928439898569
137,0.20504307020731255,0.34086622676399886
138,0.2041921106661349,0.3405909646974235
139,0.20333607113638588,0.3377073126249626
140,0.20344579777430277,0.3251137926441724
141,0.2025864759881451,0.3378348834201938
142,0.20221727966758213,0.33517361285745123
143,0.20167239089092795,0.33059012352443135
144,0.201396746895656,0.34081114242311383
145,0.2008563000354404,0.3340224518639142
146,0.20047356887675238,0.3424525444136291
147,0.1996218218895396,0.33513148312197355
148,0.19901424748763977,0.3361090322742697
149,0.19908676830457078,0.33476515102093335
150,0.19850189802699564,0.347077487067121
151,0.1982322449916009,0.34006223986383344
152,0.1972291774527971,0.3349435643338766
153,0.19801757552407004,0.3488545696266362
154,0.1967595792503488,0.32664908297726364
155,0.19689244576916887,0.336296551784531
156,0.19637311624863182,0.33177643464725526
157,0.1954231459261499,0.3326532917677379
158,0.19591202629419008,0.3303774668545019
159,0.19558840933360205,0.33128740443069427
160,0.1943654689866947,0.3259387326533677
161,0.19409613799595177,0.33258320476676595
162,0.19383243146897874,0.31660141514950113
163,0.1928988572438474,0.32388747055999567
164,0.19346077352699215,0.3239049634239713
165,0.1926631377911467,0.33658259679548075
166,0.19210324960959638,0.3359851330274441
167,0.1922012572088151,0.3330852491933791
168,0.1917715551800254,0.3329561592125502
169,0.19087312925000524,0.327809390963101
170,0.19047416574922224,0.326927546472823
171,0.18988967667989448,0.3222416671084576
172,0.19073400167594753,0.32989241817935566
173,0.18985282174502568,0.3289290018013266
174,0.18901960116990274,0.337584310623466
175,0.18899708497977913,0.3199837893003323
176,0.18843824598331785,0.3250159721394054
177,0.1878082666695748,0.33264521216271353
178,0.18672168796712701,0.33738761627283254
179,0.18705535361870146,0.3189897503032059
180,0.18674691582204928,0.32595257387786614
181,0.18533166067922846,0.3253419071924491
182,0.18435838204231625,0.3233687491690526
183,0.18480022599719795,0.3265957580726655
184,0.1844822569704963,0.32456287448523474
185,0.1841610392386263,0.32941835972129324
186,0.18357061509665173,0.32250417170465967
187,0.18344413854544056,0.32018066588483873
188,0.18276893717668022,0.33260603163574565
189,0.18225150881433588,0.3290439938179782
190,0.18219386860255712,0.3173861424209642
191,0.18179293266688543,0.32336354133535605
192,0.1810169994327029,0.32970515113384996
193,0.1806561873938266,0.3270746559881773
194,0.18044654209064379,0.32422441525048895
195,0.1805253100855154,0.32359160983660185
196,0.17993511212300548,0.31603735038002984
197,0.17926461516582184,0.33267975659644017
198,0.1803393844538713,0.31776749953383304
199,0.1793216327815681,0.3174243474104365
200,0.179689269757044,0.31762186987478225
201,0.1785589027322876,0.316867149389181
202,0.17833122021930162,0.320334644957644
203,0.17792308771585058,0.3243584432562844
204,0.17772491110870753,0.3244378053751148
205,0.17762149144239708,0.3349338513417322
206,0.17700648424363288,0.3304184576282736
207,0.17705196836849096,0.31050823531189903
208,0.17676658520423838,0.31987234656928015
209,0.1766528876273879,0.3222219537271828
210,0.17599371358374208,0.3236189000919217
211,0.17550639622307226,0.3103094646920923
212,0.17578054594376122,0.31457210649720957
213,0.17492750246101404,0.32873825863248013
214,0.17568769770621245,0.32473090315451386
215,0.1751824892884077,0.32608780411423227
216,0.17472383584709048,0.33063763893041453
217,0.17478705746521406,0.33368076799345797
218,0.1737514552492924,0.3138622661105922
219,0.17361334193080474,0.3268308775102506
220,0.1738347288607039,0.32008837652010996
221,0.1732561944119522,0.3164974633054655
222,0.17277982574247658,0.3281022664464888
223,0.1724865539727957,0.31318095253139244
224,0.17242111695682272,0.3239322806723782
225,0.1721083162072849,0.3138899042225275
226,0.17229613113604944,0.3157115352691197
227,0.171596772842755,0.3102229892230425
228,0.17152643907838847,0.32418589550452154
229,0.17130838652745867,0.32214475972730605
230,0.17084471208789637,0.3169507874084301
231,0.17054147498552188,0.32194384541667875
232,0.17097136115233943,0.32694659809597204
233,0.1704187849280572,0.3145743410606853
234,0.17006821706733544,0.32243831235854353
235,0.16958189842312835,0.3225637458142687
236,0.16957030996648756,0.31500093406829677
237,0.16923132146576747,0.32883790147597675
238,0.16945085209059918,0.3199916075243325
239,0.1690957325236994,0.32255804844078473
240,0.16900778405888137,0.328221394512497
241,0.16860805343970436,0.333180914892525
242,0.16832874274279047,0.31450273597338163
243,0.16857000668759578,0.32056870042789176
244,0.16752214376946584,0.3118179935168047
245,0.16785993490045217,0.3175786196208391
246,0.1676166562115415,0.3305745513224211
247,0.16719987422983945,0.3209026056479235
248,0.1673476485885979,0.32408873272723837
249,0.16741809026824495,0.31879454179376854
250,0.16649150027722184,0.3184207197828371
251,0.16625864772287535,0.3113588072725984
252,0.16711341840142174,0.3083848436592055
253,0.1666708221347967,0.31434929517448923
254,0.16603946080135998,0.3097215565990229
255,0.16552210017944238,0.3258162721014414
256,0.16575290411553223,0.3252254449686066
257,0.16556284423074813,0.32884896485531917
258,0.16550963596454635,0.3223240226507187
259,0.16456930741793763,0.3163367664960564
260,0.1638680829668524,0.31669775799649663
261,0.16424188726674174,0.31356912680336685
262,0.16367454719719876,0.30227643568984797
263,0.16369679118122663,0.3249393608726439
264,0.1640705903224159,0.3152898983632932
265,0.16351892052505787,0.31111418810047087
266,0.16347602389390575,0.32260594370423773
267,0.16274736527093622,0.30660494868872595
268,0.16252052035757653,0.3148437920408171
269,0.16220278778836036,0.32111178167530746
270,0.16207569965947002,0.31208844617253445
271,0.16175629836497296,0.31704128985522223
272,0.1614773201324975,0.3197930206040867
273,0.16185802051179252,0.324014779119218
274,0.1614830210552911,0.3159244429381167
275,0.16175680032618203,0.31996012711134114
276,0.16129315888654858,0.3024291038268902
277,0.16061153955930887,0.31529451784540397
278,0.16080478410262133,0.33432259276265003
279,0.1607956700420783,0.31509925473908906
280,0.1603998653275644,0.31906994285642126
281,0.16056910228086577,0.3072969258808699
282,0.15962207284273608,0.3203903902016702
283,0.16000125930500836,0.29918436791564595
284,0.15925409380212646,0.3267534673213959
285,0.15948951689341356,0.31367873437091953
286,0.15879007493466707,0.30706096440553665
287,0.15906041656595205,0.31075597114738873
288,0.15884082386344986,0.3055406345940027
289,0.15855037724996973,0.31526981477366117
290,0.15870546280203612,0.31397835507256083
291,0.15857139462900463,0.3147294860882837
292,0.1586209578837325,0.31157820830579663
293,0.15845020429623052,0.3122062386303652
294,0.15797467203712362,0.31599957691352876
295,0.15764680471720202,0.309543532792662
296,0.15813214381483343,0.2978378072625301
297,0.15738992888409542,0.30691802294039333
298,0.1571320921151129,0.31539027344007964
299,0.15682157819763803,0.31871560423589146
300,0.1571545689100947,0.30295921727770664
301,0.14340033431795385,0.30327360759504507
302,0.13992499798756824,0.3058114969095246
303,0.1388966890630838,0.3026455798354305
304,0.1371632611130937,0.3114897536694026
305,0.13729523368038032,0.3148628343812755
306,0.13681171936855255,0.3091172602821569
307,0.13613301299780167,0.3075363309901269
308,0.13603579645177022,0.30789052890461
309,0.13570217769317344,0.3042764365673065
310,0.1355750580528952,0.29588803343597003
311,0.1350632395681947,0.3019802815845755
312,0.13553978188502863,0.3102416531717191
313,0.13500627151534875,0.3161936175139224
314,0.1347457707778848,0.3062446106408463
315,0.1345589947955679,0.3048132445480003
316,0.13436755267056552,0.31181276125497503
317,0.13436253234964596,0.30570164237354625
318,0.1339962977923878,0.2986169131320031
319,0.13404245729741285,0.3008121370536382
320,0.13391012467648716,0.30422134599724754
321,0.13319580943715498,0.3066005506476418
322,0.13334206405074098,0.3064748398104652
323,0.13321652224023547,0.30650938925195914
324,0.1329158727969604,0.3058533876157198
325,0.1331253657570349,0.306749199746085
326,0.1331471570670983,0.3074389317485153
327,0.13296702362392215,0.3124510695944067
328,0.1330292705233833,0.30472068219888404
329,0.13267737249774864,0.30835939870506035
330,0.13249566317801748,0.31389101216050447
331,0.13261371088582416,0.3054243820856829
332,0.1326762477042307,0.3123789213475634
333,0.13208547758281106,0.3155075030737236
334,0.13172945989803833,0.3112468963763753
335,0.1320333746567085,0.3159447136472483
336,0.131633502681273,0.31058508292084835
337,0.1318546057802804,0.3112533682438194
338,0.13177152247370927,0.31088340209155785
339,0.13138504208205365,0.3039429860769725
340,0.13121878922804717,0.3050948262947505
341,0.13100175604413225,0.2990833745628107
342,0.13115210096345895,0.30680913954484657
343,0.13120220284160802,0.3159608720023124
344,0.13098418173118323,0.3132405084420423
345,0.13112091577078272,0.30264157288875737
346,0.13088646982392851,0.3173664458951012
347,0.13082775344430267,0.3206411876150819
348,0.13071447799876174,0.30913816502348324
349,0.13109851818350607,0.3093302052040569
350,0.13039940808275538,0.3073198929673336
351,0.13125115417211808,0.3065196380752032
352,0.1303719345078534,0.3069137984611949
353,0.13049179176163975,0.3091266041652101
354,0.13059982830701872,0.3092873080587778
355,0.13023465660737382,0.31266214674124954
356,0.12993901519864862,0.3129920197314903
357,0.12993354733096116,0.3128123547210068
358,0.13010146415321822,0.3152911027923959
359,0.1301610968124917,0.3105538364072315
360,0.1298713080632258,0.310789025464996
361,0.1303793903652886,0.3129658562238099
362,0.12994314523031797,0.30933251170838466
363,0.12947099503862178,0.31901875248209377
364,0.12960429860566433,0.3180729468337825
365,0.12923499118796614,0.3081328840773614
366,0.1289669334510416,0.3143721922743516
367,0.12903485132920817,0.3102130583319508
368,0.12915669472191096,0.3047868620421066
369,0.12929168785380762,0.3187361595327737
370,0.1290876313445432,0.3124728498400235
371,0.1287092129378944,0.3128625169152119
372,0.12861594453800557,0.31536223336321406
373,0.12868322231206278,0.30921040683007633
374,0.12846306240457814,0.3094034304872888
375,0.12873297484776686,0.3234305014131499
376,0.12835998867833337,0.31462063029652737
377,0.1284306286017058,0.3123636769710994
378,0.1285498452630784,0.3172988655870078
379,0.12805329553042608,0.3287337807114007
380,0.12842089748187246,0.312271313711268
381,0.1284917008297136,0.3173490641791312
382,0.1283146267162191,0.3166125643937314
383,0.1277240380865323,0.3200068350453846
384,0.12813738701238944,0.3144600077486429
385,0.12778941867971522,0.304600752523688
386,0.12833489379185956,0.31526233805496184
387,0.12740893464291322,0.3107161220224177
388,0.12740458077091496,0.3187452563252605
389,0.1276613860676581,0.31115489843927446
390,0.12751437785068476,0.315313175076344
391,0.12698578710882408,0.3159875323782202
392,0.12723533304341247,0.31355932037361334
393,0.12781118874065972,0.30943991732401926
394,0.12745564797967987,0.311689023233828
395,0.12751916650265266,0.30826375230413966
396,0.12658717024905988,0.3085202413504241
397,0.12695406284380162,0.31720187673803235
398,0.1266012151999277,0.31102981626010334
399,0.12714415466527101,0.3240802891430308
400,0.1271018535607587,0.3156703007025797
401,0.12669870512556072,0.3111979885668051
402,0.1264027090109176,0.3099684694507083
403,0.12651325391318027,0.3056629664096676
404,0.12632278051329718,0.31560770581003095
405,0.12659149129439862,0.30591633671619856
406,0.12616439357431444,0.3148183910573115
407,0.12620856972848385,0.3098299475234063
408,0.1261329756179395,0.31040979763034915
409,0.1262367795325863,0.3177336693787184
410,0.1262271150505568,0.3147086573184514
411,0.1258351956011755,0.3116328368177179
412,0.12563458177207892,0.3144007389906977
413,0.1258117861604716,0.3173011122424094
414,0.12589379982042262,0.318113951898012
415,0.12535400558696236,0.3115124243204711
416,0.12563434870122098,0.3089253610519112
417,0.12558014903524714,0.3043901454962668
418,0.12558340445066354,0.3168379368840671
419,0.12526132594045827,0.3130637772503446
420,0.12516278361637798,0.31704764434548677
421,0.1253289119291255,0.3165358202379258
422,0.12521065447093568,0.3140381104389175
423,0.12558607787807446,0.31089246798245634
424,0.1254694699831543,0.31437984096710797
425,0.12503234680592384,0.30838292837142944
426,0.12498239457733283,0.319757167433129
427,0.12487581352571352,0.3129750420568419
428,0.12494073196237486,0.3232664872632652
429,0.1246079613255774,0.3160462440525899
430,0.12515020150746403,0.3155607174410195
431,0.12482023036725677,0.3170191469739695
432,0.12467074261123735,0.3189611075842967
433,0.12439384705231507,0.31302086899026493
434,0.12426122400051191,0.31858863534986
435,0.12411318157836952,0.31070595442271626
