epoch,train_loss,validation_loss
1,0.17057852147135344,0.22980518927497248
2,0.1680137113017856,0.23576161818158242
3,0.16623034223570513,0.22608947801974513
4,0.16466351821862427,0.23129906865858263
5,0.16362812640282093,0.2329906056965551
6,0.16299056816276014,0.2314086366564997
7,0.16183965685982374,0.22834527973205812
8,0.16148378960866347,0.23099933372389886
9,0.16000142307713847,0.2366259235047525
10,0.15919098362670256,0.23203583013626836
11,0.1587552731891848,0.22763459841089864
12,0.15803876364568495,0.23692279501307395
13,0.1577688684565966,0.23342222840555252
14,0.15673406850117058,0.239741712808609
15,0.15611605190006192,0.23329500517537516
16,0.15666994638350526,0.2388249534753061
17,0.1554084801636402,0.239786337460241
18,0.15537513526980481,0.2297533077578391
19,0.1552043336617372,0.23493648224299954
20,0.15472811191836744,0.23636269425192186
21,0.15409719272354613,0.23674583531195117
22,0.15397126162014668,0.23893899710909014
23,0.15249118985182583,0.23404815552696104
24,0.1527423398487223,0.23357329133056826
25,0.1522922485566989,0.23916967309290363
26,0.15151645949176773,0.23124816340784873
27,0.15192369562212527,0.23844306603554757
28,0.15072075736785084,0.23590891808271408
29,0.15090952252879333,0.2306321051812941
30,0.1504403424275496,0.2332922580742067
31,0.15020584029221684,0.23118702322244644
32,0.14983922518024403,0.22933084109137136
33,0.15027061246913434,0.24193211164205305
34,0.14856427593988442,0.2297055649180566
35,0.14889345597671014,0.2352004522277463
36,0.1486716708422207,0.23767639504325005
37,0.14851331096962564,0.233367899733205
38,0.1477432427634983,0.23385337475807436
39,0.14794976223627226,0.23153434958188765
40,0.14708942802822064,0.2339830364911787
41,0.14803218158973339,0.23148137595384352
42,0.14721606829568776,0.23038524845915456
43,0.14675909555683095,0.23453539009055785
44,0.1468297898519464,0.22918273148036772
45,0.146073080880462,0.23385809193695745
46,0.14563050677129058,0.23603206488393969
47,0.14605882674830514,0.2351805644650613
48,0.1454803411315822,0.23319290866774897
49,0.14603055894874678,0.22759714386155527
50,0.1448481703485583,0.2313196690332505
51,0.14497182941536735,0.2390308755059396
52,0.14439370570630147,0.2325036943920197
53,0.14392834676886504,0.23448320838712877
54,0.14469587606079173,0.2346572486623641
55,0.14402821872469265,0.23008844184298669
56,0.14342462099635625,0.23622187563488561
57,0.14372496122584152,0.23396517648812262
58,0.1439131635946048,0.2340159077317484
59,0.14330304100078606,0.23797869754414405
60,0.14269404203886757,0.2392814471837013
61,0.14254257473430793,0.24327531937629945
62,0.14254648682018997,0.2370228779412085
63,0.14216801272685672,0.23718397151077947
64,0.14183731367752986,0.23557777606671856
65,0.14228039655045643,0.2309488312851998
66,0.14161685020106393,0.2330340483496266
67,0.14168074531812588,0.23179387469445506
68,0.14116931634816485,0.2338327272765098
69,0.14096296666115835,0.24015789671290305
70,0.14100880221125964,0.24106755732528626
71,0.13985227546664403,0.23916936761909915
72,0.14056420457438104,0.23424672503625193
73,0.14061478056810187,0.23234764005868666
74,0.1403441232018001,0.23315957549118227
75,0.13984023329784284,0.23305932047867006
76,0.13999252207186738,0.23504980557387875
77,0.13957339170656363,0.2384558192664577
78,0.13990219748057658,0.23553910130454647
79,0.13899616675306917,0.234125153191628
80,0.13911574991494105,0.23699351784683043
81,0.13891395959276823,0.23435094568037218
82,0.1391218410691625,0.2352915562448963
83,0.13876129377563046,0.23613066538687674
84,0.13811679932618792,0.2309889142071047
85,0.1381443669898455,0.23048463920431753
86,0.13784949797004523,0.23364623467768392
87,0.13774034021660467,0.22953060101116857
88,0.13739374707954735,0.23155762711840291
89,0.13730688985101333,0.233395722604567
90,0.13812188466764846,0.23090980658608098
91,0.1371925842774489,0.22485933068298525
92,0.136788214012137,0.2278302114817404
93,0.13702922072300622,0.2324745619008618
94,0.13694500568590323,0.23586534612601803
95,0.136404177880762,0.2312230304364235
96,0.13615730832832665,0.23312020301818848
97,0.13627582825954604,0.23220507680408417
98,0.13572914479788495,0.22765338517004444
99,0.1357644148780115,0.23140594315144322
100,0.1357190217549446,0.23728150850342167
101,0.1353256220087815,0.23842024658956834
102,0.1354226817062566,0.23652813847987883
103,0.1349251493967804,0.23522052000607213
104,0.13532985809339168,0.2417889996882408
105,0.1345858704806374,0.2329184569178089
106,0.13464582837977498,0.22879113040624127
107,0.13500764930085815,0.23068781918095005
108,0.13420788062818395,0.2327681801492168
109,0.13459015486125425,0.2256733799172986
110,0.13386298147512432,0.2265030152855381
111,0.13395725020385138,0.22934948268436617
112,0.1337260274017382,0.23122522162814294
113,0.13391256957184094,0.2391229298326277
114,0.13330269781423565,0.22682515700017253
115,0.13322631977264238,0.22565742317707307
116,0.1328802167026002,0.22358626655993924
117,0.13322798912442704,0.2309681371815743
118,0.13283392733872812,0.23334421866363095
119,0.13268236798747782,0.23393070505511376
120,0.13305381637074412,0.23208823631848058
121,0.13239296155530703,0.24115124657269446
122,0.13226728770780363,0.23637664606494288
123,0.13213815058989595,0.2330519343095441
124,0.13174768627877007,0.23648807959210488
125,0.13191217063795346,0.23080169866161962
126,0.13220353187130182,0.23436925536201847
127,0.13168955602111057,0.2324719820772448
128,0.131602585378183,0.2325331078421685
129,0.13116670815387363,0.2329932150821532
130,0.1313403835149181,0.23774642040652613
131,0.13096527478792383,0.23388443983370258
132,0.13132266003630697,0.23298595893767574
133,0.13053193844589298,0.23183675615056867
134,0.13083153685058937,0.23083973964375834
135,0.13047544203651776,0.22954927673262934
136,0.13116663452276894,0.23052353051400953
137,0.13049034893012895,0.22603981581426436
138,0.12988981200026767,0.23631965296883736
139,0.1296704141755024,0.2282970009311553
140,0.13022347435011553,0.23286278762163654
141,0.1298735276239473,0.23845470768790092
142,0.12997127264987998,0.2357380457462803
143,0.12962966918383004,0.23494020705261537
144,0.12980249863063265,0.2324610494317547
145,0.12973046533966465,0.23221846669912338
146,0.12915712185750716,0.23074075435438463
147,0.12948092130994895,0.23559629003847798
148,0.12947713082316537,0.22865443003754463
149,0.1296175787034025,0.2390427644695005
150,0.12878226898063905,0.23103484006658678
151,0.12885920584701643,0.2341690323045177
152,0.12907872003829204,0.23263721720826241
153,0.12782736049195756,0.2328585333401157
154,0.12855213182339878,0.2360462750638685
155,0.1283703495121602,0.23918458122399547
156,0.12831337459432254,0.23066630550930578
157,0.12804289510477515,0.23824935718890158
158,0.12794336731266426,0.23424729224174254
159,0.12841697341803485,0.2421675386928743
160,0.1279152004942454,0.23397762712932402
161,0.1278928969391237,0.23960543880539556
162,0.12726538954790784,0.24563668211621623
163,0.12778208871807442,0.23409037123764714
164,0.12699515400630124,0.23386305065885668
165,0.12697576419050088,0.23347970699110338
166,0.12753525926132123,0.23265277906771628
167,0.12766716941660056,0.2329968382273951
168,0.12693412514477656,0.23828700977948405
169,0.12635628536999602,0.2346919899986636
170,0.12668757784166676,0.23480522945042578
171,0.126336673848659,0.23349070188499266
172,0.12659805522649792,0.23575192353417795
173,0.12640435920258988,0.2356070770371345
174,0.1256784643017271,0.2338904699971599
175,0.12611934081875803,0.23700105711337058
176,0.1259142443443994,0.23257531466022616
177,0.1261759497209665,0.23388507673817296
178,0.12618525793279992,0.2423742384679856
179,0.12536435013547134,0.23247527475318602
180,0.125718466281516,0.23745006515133765
181,0.12515857264368288,0.2395212342662196
182,0.12551268197955326,0.23264872619221288
183,0.12516464683494727,0.23795576489740802
184,0.12485661746570899,0.2408367347332739
185,0.12475425278303258,0.23718532294996322
186,0.12520156446180503,0.23183003596721158
187,0.12462977626101276,0.24024842823705367
188,0.12499356582229743,0.24084010239570372
189,0.12463389034041318,0.23441079379089416
190,0.12406817836144185,0.23669703040392168
191,0.12398756173609188,0.23530938067743856
192,0.12404356162752996,0.2456824978993785
193,0.12396520797936421,0.2432286179354114
194,0.12364117115486092,0.23698098741231427
195,0.1241225153676369,0.24092457731885294
196,0.1243725702229036,0.24288876354694366
197,0.1237085708407236,0.240511798570233
198,0.12373455376432627,0.23463353538705456
199,0.12376929761791129,0.24355472936745612
200,0.12331336472706725,0.2369689763553681
201,0.1235387078183752,0.23517341142700565
202,0.12282258475226676,0.24432783670002414
203,0.1235794361126248,0.23333092971194175
204,0.12294658704561258,0.23819543541439117
205,0.12233334625104689,0.2397448571939622
206,0.12272617309910697,0.23532659848851542
207,0.12203393275195448,0.24287822361915343
208,0.12281444974915287,0.24331159937766292
209,0.12248922231562233,0.2404292764202241
210,0.12217778685957631,0.24081553759113436
211,0.12224403832818477,0.2411029139353383
212,0.12204295946617047,0.2398254847334277
213,0.12163631107259847,0.23844321408579428
214,0.12191545488449512,0.24112560119359724
215,0.12166326591428721,0.2360519838909949
216,0.12169618050194886,0.2389484559816699
217,0.12148735692541054,0.23767206409285146
218,0.12127833266740574,0.2448620361185843
219,0.12206231771462618,0.2352310404662163
220,0.12170525263815306,0.24518603591188307
221,0.12158808046541873,0.24180214924197044
222,0.12045785144315076,0.24269650443907706
223,0.1211055264626659,0.24296485320214303
224,0.12085502122995488,0.24927997541043065
225,0.12093409050872991,0.2340892459596357
226,0.12071911250270388,0.24021523566015304
227,0.12010994586367277,0.2375490771185967
228,0.12046705868946431,0.24674856206101756
229,0.12046305416639996,0.2477947048121883
230,0.12074880525313583,0.235272019140182
231,0.12098469149391607,0.24249780346308986
232,0.12027776698958699,0.2413361870473431
233,0.12021186268367108,0.23118601619235932
234,0.11966724703146976,0.23908390441248495
235,0.11996821913891619,0.2363836044265378
236,0.12059468780673525,0.24493850695510064
237,0.11991132189767666,0.243679627055122
238,0.11965768389107047,0.24056000743181474
239,0.11983217897217728,0.24263380780335395
240,0.11931817627178049,0.24797607020985696
241,0.11937241688901773,0.24777237398009147
242,0.11926135067794807,0.24344468981988968
243,0.11974579511323565,0.2437251325576536
244,0.11964645663147452,0.23927320107336966
245,0.11915253235546548,0.24039630880278925
246,0.11912459581777984,0.2382633789412437
247,0.11896373415892979,0.2456814086725635
248,0.11925668220974864,0.24239390055018087
249,0.11901085934673965,0.24057087182037293
250,0.11864042143089466,0.24291574065723726
