epoch,train_loss,validation_loss
1,6.094861347117322,4.272728615119809
2,3.598495348970941,2.144602355409841
3,2.254422425970118,1.2597486757841267
4,1.5959306262909099,0.8990470337086036
5,1.2213808168756202,0.7042181286655489
6,0.9979541102622418,0.5981408650757837
7,0.8593834056499157,0.5338836331836513
8,0.7691814674976024,0.48902360093398173
9,0.7035990990222769,0.4602270981327432
10,0.6516280166646268,0.43297881327691623
11,0.6120876997075182,0.4123468716613582
12,0.5798948215043291,0.3960295021533966
13,0.551781746554882,0.38209417022642544
14,0.5273658899550743,0.3691185082568497
15,0.5072150496092248,0.35903603913354093
16,0.48887194978429915,0.3508037880795901
17,0.4728868921386435,0.34304908064545175
18,0.4576056045420626,0.33536105077774797
19,0.44406594183850795,0.3279995620250702
20,0.43331173220847513,0.3240347934550926
21,0.4206238358578783,0.3198850579926225
22,0.4124548998284847,0.3165647626900282
23,0.40075425061773745,0.3109316251805571
24,0.39242208542975976,0.306440033385011
25,0.3837517486607775,0.3020673963378687
26,0.37756902765720446,0.2979348372729098
27,0.3696489044326417,0.29574261605739594
28,0.3621866819706369,0.2935578197729392
29,0.3568036230320626,0.29037509931892647
30,0.351128508118873,0.2859141091342832
31,0.34445581841976086,0.2856960768093828
32,0.33893284017735337,0.2830796517798158
33,0.334397347303147,0.27966299970619013
34,0.3291601593190051,0.279284696598522
35,0.32452147615716814,0.27861419686528505
36,0.320795874678074,0.27463683217275336
37,0.3161029036374802,0.27226243107045284
38,0.31232718026384393,0.27172749965894416
39,0.30813592602597906,0.2704859412595874
40,0.3054621638769799,0.26564973153051785
41,0.30086195196243043,0.2666551189833
42,0.29724615476232896,0.2650277582836933
43,0.2941786493075655,0.263710870361719
44,0.29098956473964327,0.2625152600593254
45,0.2883980429235925,0.2605061628779427
46,0.2854577876785968,0.2610656452960655
47,0.28207032848545843,0.260265550408207
48,0.2797472396429549,0.25744249561771015
49,0.2764104755000865,0.2581126426087051
50,0.2744396316878339,0.25699259072053626
51,0.271806260689776,0.25502286997974893
52,0.26965841990202033,0.25487982567216527
53,0.2663374593600314,0.25427446477725857
54,0.26414391902532985,0.2521239418963917
55,0.2623365540453728,0.2506618673195604
56,0.2604510952183541,0.2521254855101226
57,0.2576036916134205,0.2530946059793722
58,0.2561511368827617,0.24987247512965907
59,0.2542754751253635,0.25029832295707016
60,0.2519894022890862,0.24976447493326467
61,0.25068002904349185,0.24905255583466077
62,0.24862055020763518,0.2483906254905169
63,0.24660456212277107,0.24747615295355438
64,0.24431580863100416,0.24808219319484273
65,0.24345341251885638,0.2452551319462354
66,0.24128412284115527,0.24636248242659647
67,0.2394677925617137,0.24545354970165942
68,0.23811619481507768,0.24467465696764773
69,0.23659705224823444,0.24637666393498905
70,0.23521323083563053,0.2437520745347758
71,0.2334201600957424,0.24435713007801868
72,0.23178855253660932,0.24141354174887547
73,0.2310460573815285,0.24101943339480728
74,0.22927876267027347,0.24355178558435597
75,0.2272974728586826,0.2409660093119887
76,0.22714199303312504,0.2411469934416599
77,0.22568827150984014,0.24092659647347497
78,0.2246444544259538,0.2394181074666195
79,0.22264385033161083,0.2402812105710389
80,0.22205481354860548,0.23899879611906458
81,0.2198499156756604,0.24143413784074003
82,0.21891066441510587,0.23984139937846388
83,0.21804788448709123,0.2399925042371281
84,0.21757569138674027,0.23870737459815916
85,0.21611253318000348,0.2383892951441593
86,0.21603445350489717,0.2390190103992087
87,0.21370038780126166,0.23877690390485232
88,0.21345916758192346,0.23976285438068579
89,0.21196796925778086,0.2378444976982523
90,0.2110855182751696,0.2375632546475676
91,0.20975528517936137,0.2375337266531147
92,0.2091634493241919,0.23829871709229516
93,0.20816939951891594,0.2373713909602556
94,0.2078230068087578,0.23619705365329494
95,0.20646547243950214,0.2372228258945903
96,0.20559335902650305,0.2379132978251723
97,0.20427191327226923,0.23638226653708785
98,0.20342458930421384,0.23584707667593097
99,0.2017996846995455,0.23673095517471188
100,0.20184764006036393,0.23641317569818654
101,0.20124570283483953,0.2356941609597597
102,0.20013293310048733,0.2353449617741538
103,0.19946333103357478,0.2364407079141648
104,0.19874061789918454,0.23561675871004822
105,0.19828381075503979,0.23640497663959129
106,0.1975793383857037,0.23610373476489646
107,0.1968235986980986,0.235952262262829
108,0.19664975417421218,0.23439285501104887
109,0.19520874869950275,0.2351444793529198
110,0.1940547397479098,0.2363599321392716
111,0.19390390810180216,0.2343454676084831
112,0.19278591592261132,0.2341451779252193
113,0.19174842041857698,0.23308072422371537
114,0.19169260231738394,0.23346893122938814
115,0.19121034506787646,0.2341260101462974
116,0.18998985138345273,0.2358346034268864
117,0.18943630317424207,0.23484355773104995
118,0.18900969431121298,0.23407081819948602
119,0.18791012145737385,0.23461589168329708
120,0.18856876660534677,0.23510692989239929
121,0.18143714739287153,0.23210446951819247
122,0.17904608217959708,0.23074278797282546
123,0.17864718640104255,0.23173255558873787
124,0.1771477573095484,0.23224117863373678
125,0.17617712680329667,0.2316693546342068
126,0.17614224968438452,0.23157531902438305
127,0.17594923050479686,0.23089063021003223
128,0.17493164967349234,0.23215661967386964
129,0.17462562579423824,0.230603178749319
130,0.17436383005152356,0.23123144053044867
131,0.17417616939291042,0.23141994315092682
132,0.17356818667117585,0.2315497100353241
133,0.1736944061644534,0.2309426166972176
134,0.1730611226343094,0.23280383451063125
135,0.17227075191888402,0.2314316320126174
136,0.17192156127792724,0.23153151303041178
137,0.17128703172536605,0.23266046042325067
138,0.17062322231049235,0.23117345034099016
139,0.1712871939260909,0.2318385121275167
140,0.17095592484829272,0.23110706688927823
141,0.17039099449807024,0.2311803967249198
142,0.16970179283872563,0.2315132449396321
143,0.17054335008910362,0.23252072734910934
144,0.16970699096613742,0.23077284117214014
145,0.16907475378285064,0.2305527774036908
146,0.16894166482255815,0.23175459049764227
147,0.1686763880100656,0.23222855075460966
148,0.16865196234368263,0.2322732613223498
149,0.16879040992006342,0.23114170964624062
150,0.1676210624899002,0.231472660039292
151,0.1672361560799974,0.23040121378468686
152,0.16670293487766955,0.23109235235902129
153,0.1667832797670618,0.2309199131903101
154,0.1666332298770864,0.23093323360701076
155,0.16676781072895577,0.2308084632529587
156,0.16581972422117883,0.2291695798029665
157,0.16575046146803715,0.23055791928142796
158,0.16559876079889055,0.231519845421197
159,0.16594431600038043,0.22995280877488558
160,0.16515194301275496,0.23014074832689566
161,0.16509631723165513,0.23115032398309865
162,0.1650580791558357,0.23010939017671053
163,0.16433246966372145,0.23167612098279547
164,0.16458010172590296,0.23041244877166436
165,0.16469505153437877,0.2317824607989827
166,0.16332524513944666,0.23031835453432115
167,0.16365858354467028,0.2320007449779354
168,0.16334610900029223,0.23052546381950378
169,0.16255785342543683,0.231438331916684
170,0.16230963887052333,0.23171811269932105
171,0.1625795176054569,0.23199633765416067
172,0.16237272315836968,0.2303844895519194
173,0.16185449450574022,0.231184971137125
174,0.16145073773061974,0.230709043194036
175,0.16202594847121138,0.23168453110046075
176,0.16164150279253087,0.23108288010612862
177,0.16096868029934294,0.2297213038460153
178,0.16128876047565582,0.2308197793413381
179,0.16082917886211517,0.231424338993479
180,0.16096079187824372,0.2311184875300673
181,0.1601314622988092,0.2304501936572497
182,0.16083278703562756,0.23020995762504515
183,0.15922874164708117,0.2312857589272202
184,0.16005247295536892,0.23087362187807678
185,0.16008728609440173,0.23131067269161099
186,0.1594500298512743,0.2316045042921285
187,0.15930315931426717,0.23116323889278975
188,0.15946065591687852,0.23009252572645905
189,0.158456748311824,0.2292943528441132
190,0.15825964681645657,0.23050584436440077
191,0.15841594989946547,0.23054329220388756
192,0.15753184092488695,0.23005808596728278
193,0.15837575227339218,0.23152393175930272
194,0.15737252485878925,0.23102604658877263
195,0.15753062224768577,0.23142311734254242
196,0.15713887021262596,0.23015491273559507
197,0.15730081685680025,0.23174518859777293
198,0.15717923691932192,0.23163397976609526
199,0.15706342162286982,0.22982607000186794
200,0.15536258883298712,0.23061791257780107
201,0.15645403028168578,0.2307808868220595
202,0.15617457349249658,0.23100674714221328
203,0.15625331506450124,0.23129217644206812
204,0.15568842204644326,0.23104563868436656
205,0.15553183029306697,0.23035311527916644
206,0.15527640279937296,0.23148379926798773
207,0.15548964891027897,0.22979787334066923
208,0.15466515667578007,0.23172808743891168
209,0.15511536790018385,0.23114548134999197
210,0.15451081369785552,0.23114399953943784
211,0.15504515223363613,0.2309079030986692
212,0.15428317946956513,0.23155313632527336
213,0.1534714604311801,0.2306501433009007
214,0.1543642706376441,0.23051899402845102
215,0.15293068803371268,0.23141101808821568
216,0.1540040433248307,0.23082263401297273
217,0.1532555880540229,0.23131018779316886
218,0.153145933674371,0.2300646739904998
219,0.15369947595482178,0.23079607892231863
220,0.1522347090409157,0.23027713303683234
221,0.15262439598111396,0.2308197358592612
222,0.15267254732390667,0.23053881354996417
223,0.15230292877618304,0.23182693465811308
224,0.15218944375185256,0.2312525833239321
225,0.1520559255588562,0.23063659790109414
226,0.15236016930417812,0.2306008712678659
227,0.15202322572152666,0.230717056843101
228,0.15129080722306637,0.23007911297141528
229,0.15076978823288958,0.230941789804912
230,0.15129328496912692,0.23130344049852403
231,0.15100465188635157,0.23156938738510258
232,0.15129263210803903,0.23000277212408723
233,0.1514241671625604,0.2312948552311444
234,0.1503526081271628,0.2308799072367246
235,0.1505637861788273,0.23141490875697526
236,0.15077702926194414,0.2302740106328589
237,0.15017483058444997,0.23070470207050198
238,0.14957359992760294,0.23172339552738627
239,0.14960410812116684,0.23087522851639106
240,0.14954388244672023,0.23089751723359841
241,0.14646763302227284,0.2307815681226918
242,0.14581113013815372,0.23070043276567928
243,0.14500229003581594,0.23002229069100052
244,0.14494271818944748,0.23019282299964156
245,0.14542490451576862,0.23005390045095664
246,0.14471010966820919,0.2306486280238042
247,0.1450051241574135,0.23008715471283334
248,0.1446904978536545,0.23061695646067135
249,0.14446572051086323,0.23034359734566484
250,0.14410210746399899,0.23010798604761967
251,0.14411346153058904,0.23035582045062644
252,0.14368747577388236,0.22998426708041644
253,0.14374850105415,0.231169870642365
254,0.14368881196417707,0.2299737642045881
255,0.14344205777061747,0.23048089249212234
256,0.14331862102163598,0.23087800868221972
257,0.14290307769750027,0.23084252804029184
258,0.1425536942608813,0.22993065783234892
259,0.14302376145695117,0.2301547358759114
260,0.1426941711059276,0.2310905129205985
261,0.1426152787151489,0.23112924885554392
262,0.1422807139919159,0.23088561120580453
263,0.14242864511114486,0.2310451699084923
264,0.1425584875522776,0.23044100159504374
265,0.1423082987837335,0.23101028311448019
266,0.14250571956025793,0.2307523999546395
267,0.14175586400831,0.23053148584287675
268,0.14297279572867333,0.23034912860784373
269,0.1416537508051446,0.2310144163546015
270,0.1418370839921718,0.23140323235363255
271,0.14168852505848764,0.23082585095382127
272,0.14221871558656085,0.2304207240460349
273,0.14178925472054077,0.23021454498416088
274,0.14166163979692661,0.23005166429965224
275,0.14096385841356948,0.2299155079927601
276,0.14171908667429964,0.2300087052290557
277,0.14131210089680996,0.22999323318239118
278,0.14156739733954693,0.2302025138843255
279,0.14144483822140289,0.23016470133281144
280,0.14070575341899344,0.23187367373802623
281,0.1405116435378156,0.2299620958625293
282,0.141182998853161,0.23027180648240886
283,0.14051950313943498,0.2308908275893477
284,0.1404311640624036,0.22996682124059709
285,0.14069824844915815,0.23056413575274046
286,0.140902029564406,0.23070623151591566
287,0.14069024674752925,0.23049223300863486
288,0.1409975344513325,0.23064029827469684
289,0.14059682203100082,0.23071762748429034
290,0.13944821635142285,0.23044159959574215
291,0.14089006713413177,0.23055749178909865
292,0.13995038706888543,0.23069128174273695
293,0.14072516918816466,0.23148633857242396
294,0.13990967375166874,0.23110321261843697
295,0.14013794600329502,0.2306799976552119
296,0.13997430796635912,0.2307225661199601
297,0.1398367073149123,0.23119870267930578
298,0.13919357552807382,0.23000982281614524
299,0.1395270161964792,0.2305364762661887
300,0.13942578951729104,0.23085932018326932
301,0.1387366734128049,0.23053347575859945
302,0.13862239336396787,0.23116367151502704
303,0.13944442399004672,0.23157432773074166
304,0.1391435776302155,0.2313635329731175
305,0.13884384210439438,0.2306832966745877
306,0.13957691550888915,0.23033235234315277
307,0.13855372998625673,0.231110937038406
308,0.13908735881460474,0.23122277342882314
309,0.13887319430074793,0.23082175753155693
310,0.13854068027848893,0.231033983044937
311,0.1391434646033226,0.23050125529531573
312,0.1388694037623862,0.23011040296710905
313,0.1385296899429027,0.2310021741956961
314,0.13853141013929185,0.23115642832928016
315,0.13873183790673602,0.23144636095547286
316,0.13869788939965533,0.23034367649281612
317,0.1381623572174539,0.23022094808641028
318,0.1381355143607931,0.22973490616337197
319,0.1379604256692085,0.23216557111896452
320,0.13845789323144772,0.2305234292002975
321,0.13881745091144074,0.2305543644994986
322,0.13787594894145397,0.23140275942497565
323,0.13744455709102307,0.23209159882342228
324,0.13805193251117748,0.23033147146467303
325,0.13824433224632385,0.23123779111221188
326,0.13768771062506005,0.23141403911543673
327,0.13780443714337146,0.23048064014950737
328,0.13833357117911602,0.23086071185401227
329,0.13754849295983923,0.23084393045941337
330,0.13808285051837882,0.2308008641493125
331,0.13720625042915344,0.23065437205502246
332,0.13724861133922922,0.23145912954064665
333,0.13727858649923447,0.22976778960618816
334,0.13741518698157149,0.2302506815214626
335,0.13665016450463457,0.23162547535583622
336,0.1373613176510689,0.23103329710295942
337,0.1366412080348806,0.23108510111199052
338,0.137498345733323,0.23097479636551904
339,0.1367233601656366,0.2303039270346282
340,0.1361952195617747,0.23125437463893264
341,0.13739765481428898,0.23058007975093653
342,0.1360298255339582,0.23094254683275692
343,0.1365489310089578,0.23103747431372032
344,0.13646000387503746,0.23191591853001078
345,0.13649414417908548,0.23151298331432654
346,0.13556139305868048,0.23150639553539087
347,0.13642977610864537,0.23107382288721742
348,0.13604454515462225,0.23082287243155183
349,0.1362195112920822,0.2316466005610638
350,0.1363206667785949,0.23211753612659017
351,0.13583233261362035,0.23060860032918024
352,0.13617021240135457,0.23022750068883427
353,0.13661542544339567,0.23120857701926936
354,0.13581571558371502,0.23117053288905348
355,0.1369469143925829,0.23153011476407287
356,0.1357427533319656,0.2303973785677894
357,0.1354846049654991,0.23116294917513114
358,0.13510464344252932,0.2313836739688623
359,0.1354583093619093,0.23127458794195144
360,0.13582175993855963,0.23060926746149532
