epoch,train_loss,validation_loss
1,3.6799995629530375,3.254962366135394
2,3.1686614648484275,2.8074628642347994
3,2.813570600735461,2.296883158996457
4,2.512992069282693,1.9354091892476941
5,2.2455948238392964,1.5951681127313708
6,2.014595650719286,1.405940670458997
7,1.8328806069890238,1.2202940016496377
8,1.664216212818033,1.0790366095597628
9,1.5087704798383894,1.0000353133092161
10,1.3779357109715016,0.8654940993082328
11,1.2652504474995756,0.8517520286020686
12,1.1762677793396956,0.7649153734816879
13,1.106235748932679,0.7294492198795569
14,1.0446018606865382,0.6810214470644467
15,0.9884439004274049,0.663768938818916
16,0.9430126028635537,0.6505400025453724
17,0.9035995460841922,0.6217381475401706
18,0.8651380400324977,0.6339432787699778
19,0.8332556591351491,0.6159436470661007
20,0.804460482982954,0.6046839331994291
21,0.7800081216633697,0.5942259252559944
22,0.7591082404582243,0.5705702197356303
23,0.7376669350436575,0.569839246204642
24,0.7196884896236041,0.5562777262730677
25,0.700801581396361,0.5461837844770463
26,0.6853650640105596,0.5510622863886786
27,0.6713252620767589,0.5548821624185218
28,0.6566276331658595,0.5119931551276661
29,0.6424843950579081,0.5298539356130069
30,0.6313423847673307,0.5172482142682935
31,0.6186378910097965,0.5132449154482513
32,0.6077162650498477,0.5139518260467247
33,0.5972448888276143,0.49388963472647746
34,0.5893650127704754,0.5057494806461647
35,0.580530398113783,0.5059346859572363
36,0.5726185355957668,0.5435064014841299
37,0.5646417964777534,0.5100684439549681
38,0.5555515052400231,0.5095619434704546
39,0.5495123842742932,0.4776702169023576
40,0.5421896033760861,0.48915941768982374
41,0.5362463595688217,0.47953924903127015
42,0.529167951949051,0.49903536551311367
43,0.5232048036558179,0.4797719528929132
44,0.5176256955552051,0.4552643137877105
45,0.5127407503304472,0.48286992897752856
46,0.5073753737748047,0.4630893781536915
47,0.5017702347947478,0.4594810817573891
48,0.4982990660639696,0.43932278942866404
49,0.4936448299103509,0.46020074042140463
50,0.48890194674878995,0.43632579753633405
51,0.4854139747062647,0.4627975183920782
52,0.4805180876817058,0.4474500459237177
53,0.47649781071988523,0.46647058525046364
54,0.47405869732699485,0.4476218853817611
55,0.4708022409400275,0.46524745396903305
56,0.4674719337051061,0.42476158430341815
57,0.4621630575641769,0.4466229682085944
58,0.45981881154768056,0.4703898522697511
59,0.4573091379431791,0.45350956696955885
60,0.4532912164674501,0.4534543679385889
61,0.4512445274858596,0.44228057050314107
62,0.44791957937637794,0.430354792075079
63,0.4451352959896495,0.444332913541403
64,0.4432852279560259,0.43912541280027295
65,0.4400572050323446,0.4368940726166866
66,0.43697172356080305,0.4406271774749287
67,0.4346865046351959,0.447443033095266
68,0.43182523154809155,0.4470545857167635
69,0.4306962584277288,0.4404937991353332
70,0.4278642726751009,0.4375675398795331
71,0.4253651358297461,0.44705623412718537
72,0.423227239360769,0.4407797475330165
73,0.4214835361937892,0.4242220477002566
74,0.4179737535452994,0.4399641710715216
75,0.4173618728653321,0.4248091590697648
76,0.4143782442644333,0.44523494434161265
77,0.41237620593503466,0.4244748844963605
78,0.4107959084606574,0.4347904817979844
79,0.40792529423569523,0.42264493298335154
80,0.40701600861977827,0.42257746638821775
81,0.4048716792281536,0.4289438680547183
82,0.40411704958241285,0.4222589899770549
83,0.40216590539723573,0.41944759033742496
84,0.39922468285479956,0.41530490410132487
85,0.39833493489795707,0.4175902282605406
86,0.39572379531744417,0.4356313670267824
87,0.39445881003683264,0.4190654036451559
88,0.39323673814724164,0.4118670007733048
89,0.3920219290458123,0.41349880959166857
90,0.3895881654533221,0.41544362853785033
91,0.3891669870620046,0.42411560479734767
92,0.38656938986470785,0.4320732433287824
93,0.38520205833695154,0.4187092654040602
94,0.38388128843292374,0.4213725873192803
95,0.38303705300135543,0.41876911042166537
96,0.3808417431773897,0.43277506652425546
97,0.3789848013924746,0.4052311685241637
98,0.3776568913434575,0.40702992824257395
99,0.3762334472407246,0.42477767193903687
100,0.3755500734671478,0.4202684806507142
101,0.37363340874176953,0.38607265690311054
102,0.3726067322505201,0.408298491943078
103,0.3716609035372482,0.3990239359316279
104,0.36965748387335723,0.401313629551012
105,0.36835202021843283,0.4013140025686045
106,0.36820289353991664,0.38675590934323484
107,0.36651565055766516,0.40780010379728726
108,0.36558440954564236,0.40786979066543894
109,0.36387354428495966,0.4006487111576268
110,0.3623399107262146,0.3862201827959936
111,0.36144570845630153,0.3863719972919245
112,0.3608220016729504,0.38816273407857926
113,0.35867268650400713,0.3883388946290876
114,0.35922229970484404,0.4033406943571372
115,0.3578207215597463,0.398519296138013
116,0.3569986919772045,0.3867303736385752
117,0.35439586324369177,0.39384184655596
118,0.35385049983512523,0.3898019751564401
119,0.35374751321609127,0.3968194781756792
120,0.35194087907451405,0.40850881035210657
121,0.35161007603681615,0.38894346356391907
122,0.3504234088651726,0.3883363712029379
123,0.3485539020619987,0.3836644841510741
124,0.34800045346608877,0.3850061612539604
125,0.34713590857090454,0.4144063501573
126,0.34766446236702153,0.39582088516383873
127,0.34586071363211185,0.39557720720767975
128,0.3452801891852635,0.38145877225477187
129,0.3441804085738059,0.38454242099504
130,0.3426259819410316,0.39360589937108464
131,0.3405342944454693,0.3896290425394402
132,0.34116296375654714,0.38499370950167294
133,0.33926910517961734,0.383365588598564
134,0.33934829237597186,0.39043695198707895
135,0.3378967927575868,0.37217413230997615
136,0.3370920145612438,0.3793972706208464
137,0.3355676547543443,0.3815816389244111
138,0.3347497302684421,0.37608142050563315
139,0.3347812032535767,0.3882772839460217
140,0.33381651984586774,0.37898685551080546
141,0.33360494622846487,0.38736266606166714
142,0.3321374198599043,0.3672641960323834
143,0.3312214810172801,0.3813091675277616
144,0.3314749180136473,0.3785587739749033
145,0.3303964085735176,0.3738389840868653
146,0.32885648642546533,0.39417200352324816
147,0.3286858901980059,0.36911221263838595
148,0.32831334809420226,0.37984306499606274
149,0.3269923591147518,0.3602728289170343
150,0.32592068281788655,0.3680727166719124
151,0.3255264000774186,0.36818475996861694
152,0.32433649365166023,0.38970026544860153
153,0.3238438762582634,0.37736291914689735
154,0.32328273584361306,0.39115658451299196
155,0.3223656600707429,0.3719159386685637
156,0.3223839046839176,0.3743204445135398
157,0.32131330631122024,0.36707632732195933
158,0.32107597268156973,0.37553094303021667
159,0.31906139148088136,0.37987569047779335
160,0.3191083325014054,0.3640253548739386
161,0.3185435566287212,0.36243168631049455
162,0.3177129476947462,0.3704858305024319
163,0.3170057975590607,0.38156108142899686
164,0.3161947320493029,0.37254781679051824
165,0.3145894931814383,0.36842606338809747
166,0.3149584533201716,0.37885480899302687
167,0.3136949161772496,0.3667900154336554
168,0.3136062734852886,0.38421241499361447
169,0.3137085866222422,0.358617864915582
170,0.3120208892648366,0.3681658736017884
171,0.3118433567988696,0.3661264818711359
172,0.3110213794176473,0.36246376594559093
173,0.3103328733124138,0.3622777388721216
174,0.3099331085355539,0.3569089863143983
175,0.30912768914823047,0.3642286225909092
176,0.30908505418524934,0.3632900987247952
177,0.30818866572911846,0.3642128458032843
178,0.30780752921520277,0.37393794416404164
179,0.30681432459117497,0.3909501350316845
180,0.3063147354075571,0.3753206705460783
181,0.30611193929867814,0.3796579251523878
182,0.30466583035650013,0.3656769581749791
183,0.304189569728319,0.37846655826099584
184,0.3040278930587194,0.3646777377265399
185,0.3025519606552971,0.35480229141282255
186,0.30292570241283917,0.36873359978199005
187,0.30205479365070576,0.3481716091027025
188,0.3018021434545517,0.3545082072254087
189,0.3010492539525536,0.37007901438924135
190,0.30090836933311904,0.3591511811389298
191,0.29895807941292607,0.3528256581210699
192,0.30020796882488765,0.3676988116053284
193,0.29868123354291815,0.35094681235610464
194,0.29870271512620294,0.352293428338942
195,0.29841201527174127,0.3537221728045432
196,0.29815909182987554,0.36198005104651215
197,0.2969831739085673,0.3588733149112248
198,0.29702377180720485,0.3587776834114653
199,0.2955441661887895,0.36355122349789887
200,0.29640204790215663,0.3708153393913488
201,0.29512258571814787,0.35800752263577257
202,0.29516983832415766,0.3617660972427149
203,0.2955997609247869,0.35783427697224696
204,0.2937119154389514,0.3502049435113297
205,0.2930605450278861,0.3505212365359556
206,0.2926066810812557,0.35122791604428993
207,0.2919626015279812,0.352425538247726
208,0.29080312237553063,0.36017702031330984
209,0.2908618239406299,0.3646025493985317
210,0.29122365858350696,0.35066056972155807
211,0.29126463028706656,0.3529842173466917
212,0.2900914943621476,0.35152468244071866
213,0.29041170245371206,0.34893811848319944
214,0.28895803531494,0.35526627485380796
215,0.28887038558217487,0.35348385951069533
216,0.2876831473463686,0.34733000532036923
217,0.28794663130102904,0.3440838136145326
218,0.28836098987506764,0.35421028574470614
219,0.288095265264617,0.34746540630938577
220,0.2862557006436725,0.3539427197614654
221,0.28554794220667307,0.3548241450649793
222,0.2849593125677512,0.35610919812175096
223,0.28570359732648537,0.34444043895260235
224,0.285000957375349,0.36030337507607507
225,0.28455843273983444,0.35763630600737745
226,0.28418010161366575,0.34575511893776595
227,0.28389529979947253,0.3604251979315867
228,0.28335430137576817,0.3515256228017025
229,0.28321880765306523,0.3489586918569002
230,0.28261703830881807,0.3575228716506333
231,0.28258373756867383,0.34581170121177296
232,0.2816442114322685,0.3437095056058931
233,0.28122564591073584,0.3479256725213567
234,0.28103946844001654,0.3394975303137889
235,0.2815384597972382,0.33841220570392294
236,0.2801056109038014,0.34062478898978626
237,0.2802777065094127,0.3427217897088801
238,0.27991705671362344,0.35021637221340274
239,0.27875733844951645,0.35386791581013166
240,0.2790814828734065,0.34642005528582903
241,0.278239726610718,0.34317577886776846
242,0.2769509695832624,0.35279206821664433
243,0.2775428429813012,0.3488666839042648
244,0.2770195953532203,0.3635702136842931
245,0.27735884130064076,0.3404830638013902
246,0.27712462338408256,0.3591092787072307
247,0.2764948923573938,0.33804961721428106
248,0.2752938548114789,0.3357526674622395
249,0.2760304213200261,0.34736348126755384
250,0.27438251304009,0.353736265516672
251,0.2752527915272098,0.338290838677375
252,0.27502926465824845,0.3561545732568522
253,0.2735931255852697,0.3447539657354355
254,0.2744843679742128,0.3483433907882112
255,0.2738510122006842,0.3472923817204647
256,0.2729506708728839,0.37510277330875397
257,0.2730932490423668,0.3538330141149583
258,0.2728715552052534,0.3449761451023524
259,0.2722738023382665,0.33366937263578667
260,0.2718860678548037,0.34663287281501487
261,0.27109694219416847,0.348202823981887
262,0.2717933516957291,0.3383347494680373
263,0.2711744720537617,0.3560398015819612
264,0.2702812395722115,0.34132965043431424
265,0.2704179305701377,0.35707035294321715
266,0.2700298819021493,0.3532517418021061
267,0.2703845603647494,0.34275042180155146
268,0.269973108462249,0.3376873414047429
269,0.2691282096769795,0.3428756644735571
270,0.26862633828443905,0.35252683182231714
271,0.26874994316451395,0.35340893781576
272,0.2683227622042751,0.3525384305441966
273,0.2678349801589268,0.3411532133573391
274,0.26777490143355054,0.334876723953935
275,0.2666410036526825,0.34925928382111376
276,0.2665955984756256,0.338670798256749
277,0.266910478645979,0.34089848997651556
278,0.26642858325237956,0.3518539417962559
279,0.26711701696254236,0.3523184290674866
