epoch,train_loss,validation_loss
1,3.7960946065930936,3.5150792891861964
2,3.511469352320939,3.42992253772548
3,3.4394330091254655,3.4172726752328093
4,3.393503436578505,3.3795959460930747
5,3.354066870177271,3.3338819195012577
6,3.271791302124491,3.139180371018707
7,3.092042661116441,2.8068416079536815
8,2.8877144683995155,2.5679909655305204
9,2.7321026713349097,2.358442210760273
10,2.5840152812054495,2.11239355802536
11,2.353972721301476,1.7667707869263947
12,2.03626876439403,1.2924239000336069
13,1.7531539582298876,1.059158403853901
14,1.534353156674488,0.9480596165188023
15,1.3683541574639448,0.8220060653373843
16,1.2374141743016798,0.7665315314394529
17,1.1364745873225415,0.714038468775202
18,1.0575608856204197,0.6650780727628802
19,0.9941623907764668,0.6494694454748122
20,0.9415992374273989,0.6235087550565844
21,0.8954138456514975,0.6272997396891234
22,0.8574633867367629,0.6266312892319726
23,0.8228493748709212,0.5850460267946368
24,0.7932039200629543,0.5952238071648801
25,0.7638815446081424,0.5552565365052614
26,0.7407490040862788,0.5876609871133429
27,0.7189531374809354,0.5554672775209927
28,0.6991060927478758,0.5462839618080952
29,0.6787563038174749,0.5488505690801339
30,0.658310031916072,0.5544630359919345
31,0.638226092239767,0.5152656492151197
32,0.6251885667285758,0.5312995014132046
33,0.6095842218172223,0.5300121348900874
34,0.5964653688240757,0.5280520356580859
35,0.5842609465689286,0.5503591760748723
36,0.5716981791416635,0.4966836026946052
37,0.5580630453015987,0.5289843761530079
38,0.5498919095095822,0.5487356295839685
39,0.5383561135409498,0.5438896075623935
40,0.5298953948514911,0.5116939402994563
41,0.5190885595930051,0.5510240138554182
42,0.510297486853902,0.48358686805748546
43,0.5028921376449109,0.5024989572216253
44,0.49494529523380715,0.5018967109136894
45,0.48619806045079583,0.5357014514872285
46,0.4795393085315918,0.5460134439292501
47,0.47328827739644,0.5206614031654889
48,0.4662793240259868,0.5219269905422554
49,0.4589724238906804,0.5363149489047098
50,0.452899401208059,0.5653775178018163
51,0.44543855500271656,0.5563917267517965
52,0.4411590958120455,0.5041235199228662
53,0.4358857263659322,0.5335592932876994
54,0.43068844476915563,0.5385277698763081
55,0.42435256547706074,0.5392005863736887
56,0.4189829662221683,0.4995558835932466
57,0.41374285191486554,0.5489217817294793
58,0.4092199656852456,0.5330367286185749
59,0.40448396566302275,0.5378758465168906
60,0.39836964861787144,0.5627660858826559
61,0.394428869161999,0.5424135263826027
62,0.39035512059611954,0.5164371929207786
63,0.38655507709460835,0.4756423149441109
64,0.383415044866203,0.49420190785751966
65,0.3785333762587251,0.5697466425719808
66,0.3760436577033291,0.555720222289445
67,0.3707518421948334,0.49611285768571445
68,0.3694790367974287,0.5151857340433559
69,0.36688447803510926,0.5147845344465287
70,0.3640662427621462,0.5223827989863568
71,0.36044406843613874,0.5092324822163973
72,0.35705196104518455,0.4980898135509647
73,0.35331364905355345,0.49981793199406294
74,0.3506469436730189,0.5053538125557978
75,0.3474105412561848,0.4811941424354178
76,0.3437293875986123,0.4871830300229495
77,0.3414698870376099,0.49367884119025995
78,0.337225981261463,0.5118384207369852
79,0.33565728235635395,0.45914647202999864
80,0.332801903182558,0.5071370948533542
81,0.33062607919438947,0.5149744306920004
82,0.32648624664066206,0.49653935066012084
83,0.324651161456839,0.4998268040477252
84,0.32278447142993166,0.541605109318358
85,0.32012085175539423,0.5387431026482191
86,0.31750804541857,0.5323590045092536
87,0.3157203396266409,0.5400317220902834
88,0.3129675465362269,0.5419039609002285
89,0.3111075025217226,0.4847034719146666
90,0.3081273856960694,0.4679671367172335
91,0.3062276044431247,0.4945514707780275
92,0.3039000608168747,0.4634436857504923
93,0.3018734414784147,0.5102663509181289
94,0.2992099502279441,0.4819770592157958
95,0.2967547541976479,0.48329505128938643
96,0.29617311570785515,0.49104580161024314
97,0.29357203864837045,0.492322105853284
98,0.2929223197144131,0.43375177046314617
99,0.2901326889688066,0.46405995698248753
100,0.2888748551429452,0.5029558392821766
101,0.2867493714042496,0.4709512884499597
102,0.284395069261938,0.48318439257926626
103,0.2830421574744563,0.46690525480958284
104,0.28130346736683653,0.48558075994741723
105,0.2796349311227778,0.44398903895596986
106,0.2786519804666209,0.4784842070008888
107,0.2768296827631067,0.4783029776127612
108,0.2750785278971553,0.47503994112132025
109,0.2730416366338226,0.4630876317864559
110,0.27219481205461393,0.4462594426557666
111,0.2703832184253989,0.4703270111416207
112,0.2683323334910401,0.4699584643860332
113,0.2670830885936796,0.4925560494426821
114,0.2657937000783251,0.4531750258852224
115,0.26528805573067255,0.4434070499216924
116,0.2646790771699859,0.4515610256644546
117,0.2622700682024119,0.410869625748181
118,0.261319016474624,0.48046900942677356
119,0.25965426323529783,0.43983329466131865
120,0.25928017137922643,0.4276811363267117
121,0.25738815706514656,0.48823645442235664
122,0.2559024034260947,0.48464250466862663
123,0.2545357117346679,0.4575493450536103
124,0.25293596477954633,0.4256219189675128
125,0.2520113645660953,0.45616963163751073
126,0.2510333295604391,0.459579660755689
127,0.24991952459353473,0.45431551972373585
128,0.2486678788922806,0.4875611215829849
129,0.24759649557807734,0.4124707281589508
130,0.24644150673145976,0.43990175816856447
131,0.2461130806810004,0.4742452829587655
132,0.24397537337486133,0.4263017043227055
133,0.24258908547508287,0.4161443116723514
134,0.24166370326570427,0.4940438329196367
135,0.24093913669692033,0.42761145287849867
136,0.23974142688273375,0.4743598731326275
137,0.2389268110216798,0.41642532485430356
138,0.23757846933842713,0.46321626398407045
139,0.2367571588550511,0.46950058541337
140,0.23606053976062488,0.4146896730192372
141,0.2352565777730236,0.44859086001505616
142,0.23539891457834908,0.4689650440313777
143,0.23328997916197425,0.45077399787355643
144,0.23207538513502157,0.48249671742564343
145,0.23226350049702865,0.4465987640814703
146,0.2310311643851736,0.42273058754498843
147,0.22940220792500213,0.45112337269743935
148,0.22817261030318622,0.4385785199091083
149,0.2279115165987428,0.4228434848492263
150,0.22765826600865632,0.43154105739515336
151,0.2259975006098979,0.46245695406296217
152,0.22562487998359046,0.5033570154279959
153,0.22369508424785625,0.40248528122901917
154,0.22360119077103335,0.4407501337958164
155,0.22319029457473352,0.4359074909178937
156,0.22277548871383102,0.44881911307084754
157,0.22151282091032376,0.42269497792251776
158,0.22002356724683628,0.4558653013139475
159,0.21892852262135035,0.39899333236647433
160,0.21887547725980933,0.4491548948600644
161,0.21829529429527972,0.4167185928977904
162,0.21732444832806355,0.4352108836174011
163,0.21601575493308506,0.4234609943432886
164,0.21503670140313297,0.4600620272218204
165,0.21523710452098926,0.46003486753487194
166,0.2145353557569532,0.444058256071122
167,0.21395980215475877,0.4627968920547454
168,0.21298651148350495,0.44992000792847303
169,0.21259293073579574,0.4509514255113289
170,0.21250342536741282,0.42703308922345523
171,0.21084285028137062,0.40083226488261925
172,0.21045613139237712,0.4174940217225278
173,0.20935403245322043,0.44180818146369494
174,0.20876566785334533,0.4785115091038532
175,0.20814401577630456,0.4228950020719747
176,0.2067796398765441,0.4370811422828768
177,0.20623867486231423,0.41430919507487873
178,0.2055207677264294,0.4284457759779008
179,0.20531703117470912,0.45897669308498257
180,0.20472106222559483,0.41762849493104903
181,0.2049154959949832,0.40881826887365247
182,0.20308351590756887,0.4371642878309625
183,0.20239415517506085,0.43047303669765347
184,0.20135916139434307,0.4117639912445037
185,0.20157866252401163,0.4256422751751102
186,0.20118086312525368,0.38487989834097563
187,0.20030214843865932,0.4353970890162421
188,0.19893325392716027,0.39802876114845276
189,0.19880336540382962,0.44898983078901883
190,0.198477564887567,0.4412001632764691
191,0.19785702323056678,0.4237970099097393
192,0.1967195763742949,0.43872451562373366
193,0.19670376570670853,0.4344952226173682
194,0.19613421301950107,0.4361456429860631
195,0.19501906827123675,0.4234404541918489
196,0.19500297084293206,0.43362287273172473
197,0.1942994515657677,0.41669564437670786
198,0.19445562721810936,0.4458593721272516
199,0.19269553064732925,0.41500769921990693
200,0.19242482834021082,0.4557916067662786
201,0.1926987370905362,0.4023189337038603
202,0.19153220135616197,0.4356639817601345
203,0.19090237008529787,0.44330802633137
204,0.190486105548781,0.4100168283845558
205,0.18976116689201641,0.46927822515612744
206,0.188782277432355,0.4934988139105625
207,0.18877033933398588,0.4409507666943503
208,0.188802010035162,0.42842836116181043
209,0.18796758829413207,0.4323569106273964
210,0.18755034242321522,0.4263715450880957
211,0.18640358686195116,0.4352774019124078
212,0.18605982811519006,0.43007606585494806
213,0.18508387816947813,0.41527345629989126
214,0.18503076523290377,0.411419006400421
215,0.1851002015567229,0.41502966182153733
216,0.18442523699986255,0.43603298996315626
217,0.18340332518640834,0.41112800528768634
218,0.1833418235576556,0.4406659439450405
219,0.1826217279594242,0.4265985366750936
220,0.1821682167891216,0.4500696771457547
221,0.18225542977294762,0.4408406935265807
222,0.1811958745626012,0.4339993671804178
223,0.18093863597442938,0.41339991107338764
224,0.18035196399524903,0.4454876538671431
225,0.1791825815877753,0.4117144778615139
226,0.17924309093465765,0.44069239546041017
227,0.17864861783530192,0.4021509123630211
228,0.17793848753038471,0.4339811965578892
229,0.1785243929503584,0.4502775549400048
230,0.1773694270698011,0.41611109576264366
231,0.17732720560616722,0.410910896101936
232,0.1764717011950737,0.4556856883353874
233,0.1758830238125793,0.45738702719328833
234,0.17527722589372327,0.42820608957869105
235,0.1748323805047392,0.40827453478437953
236,0.17460750747495676,0.4233795472832977
237,0.17432142801220524,0.42552333239649165
238,0.17420198872338893,0.43197246872987904
239,0.17316469619440478,0.45253656413711485
240,0.17261288108709752,0.43289110113362794
241,0.17253574125673504,0.4570141710707399
242,0.17216071994467216,0.40425083993888294
243,0.17226788406329224,0.4263351093061635
244,0.17054459395922766,0.4300287334156818
245,0.17053712014479064,0.4032535108386493
246,0.16968653105341103,0.42115853042876134
247,0.17003373088153673,0.39216874564280274
248,0.16997422550432778,0.41316799526331854
249,0.16937334121974779,0.44982089224408883
250,0.1687763906211984,0.43302544609445043
251,0.16848542470382585,0.43701446984635023
252,0.16813859215939525,0.42348300824399854
253,0.16750711534983512,0.4459620061956468
254,0.1664074094962116,0.4218913976286278
255,0.1654610779553841,0.4205064282554095
256,0.166442819443742,0.4345010037793488
257,0.16580684555509378,0.427083143445312
258,0.1658474238979262,0.4410606449256178
259,0.1650970165103863,0.4423049251075651
260,0.16436215126237205,0.44172754590628577
261,0.16419271060736185,0.4360020690765537
262,0.1640790118412538,0.43533945816462155
263,0.16373371073767448,0.4046426601097232
264,0.16312260330353429,0.41980101436865136
265,0.16189245736309135,0.421162452854094
266,0.16253740378275483,0.41218917096247437
267,0.16191464183698498,0.4132751297266757
268,0.1615929232859082,0.40714470455881024
269,0.1611872409050989,0.43235093917025896
270,0.16088154367771765,0.41676157468655073
271,0.16052053333998484,0.41891572001527566
272,0.16060128826136064,0.4366519307015372
273,0.16056793052348728,0.4201290255687276
274,0.15967389275703822,0.4665704472143142
275,0.16005391566118277,0.425451292366278
276,0.15941054385005798,0.45851997396007915
277,0.15902175635382942,0.42276929245620476
278,0.15887761531874192,0.4132152876404465
279,0.15803392911940245,0.4259035318601327
280,0.15755720514544222,0.4567853696033603
281,0.15809809266103247,0.43990322776505203
282,0.15779159133800996,0.41621295814631415
283,0.15731364086144317,0.4189048101667498
284,0.156929088437469,0.40253066259329434
285,0.1565827425041612,0.4238190506813956
286,0.155942674324578,0.40534938163444645
287,0.15592036493138328,0.437634462704424
288,0.15572608192992765,0.4350808883299593
289,0.15494604745828577,0.39722923226043827
290,0.1553657613300874,0.43950664874960166
291,0.15466227282397843,0.4127504556882577
292,0.1536586599436295,0.400148728343307
293,0.15332737717045034,0.4048256009328561
294,0.15375965788771437,0.41045095539483867
295,0.15322746008823587,0.4601329968112414
296,0.15300365030986057,0.4553997968552542
297,0.15304451347594533,0.4410730375618231
298,0.15240391754952848,0.3964418663841779
299,0.15224742727948798,0.4391188770532608
300,0.1516282247265222,0.42864682928460546
301,0.1351741016635683,0.42761931653882634
302,0.13100465139015785,0.43091426618763656
303,0.13026043468688558,0.43017945450837497
304,0.1292214395663451,0.44534803560522734
305,0.1285004384862948,0.4356699617671185
306,0.12788778601753786,0.4518314267768235
307,0.1275408483065082,0.45432579370795706
308,0.12689495461561714,0.4531744357015266
309,0.12659707004657256,0.4219439000379844
310,0.12668344270571846,0.43726341572941324
311,0.12619231725564467,0.4348029276875199
312,0.12533161880539034,0.4308662727230885
313,0.12548287786212584,0.4419998697570113
314,0.12559852828655635,0.45722614668431827
315,0.12511755318142648,0.460641869756042
316,0.12442025431209336,0.44362602468396795
317,0.1243254678839735,0.42313693292805404
318,0.1242872635512977,0.4321837398360987
319,0.12413360811691204,0.427718138841332
320,0.12377656430762111,0.4394778535991419
321,0.12374350456146811,0.44120353582452554
322,0.12351948313462306,0.43958395206537404
323,0.12289290387679608,0.43907529677523943
324,0.12326922521278671,0.4483002822418682
325,0.12324305071670712,0.4349196140394836
326,0.12285214037207166,0.43728183136611687
327,0.12275242426651224,0.44189947843551636
328,0.12270093408371884,0.4611927747237878
329,0.12207729825415269,0.4381765620630296
330,0.12190351482425633,0.4733285100245085
331,0.12150085618991176,0.4411692206488281
332,0.12152169770846659,0.4427291325858382
333,0.12125196652861024,0.4498016597306142
334,0.12100854098607823,0.46398029244336925
335,0.12098358228928695,0.48729787864645974
336,0.12080185665073657,0.4396914541721344
337,0.12093461406501857,0.4446397032894072
338,0.1204265270768084,0.48039592387246305
339,0.12016514622572864,0.44775308448760237
340,0.12064556838909113,0.4234830991166537
341,0.12023178603791536,0.4647251191686411
342,0.12051492030033349,0.4689891343234015
343,0.11987992798236158,0.4687180023212902
344,0.11931674538404695,0.4658692085840663
345,0.11946326151616225,0.45134435545225615
346,0.11921509211965646,0.4275505872534924
347,0.11923056817268972,0.44984819556845995
348,0.11905169257811461,0.5111793037809309
349,0.11970403708564807,0.43256592823833717
350,0.11901246138846396,0.4419507872862894
351,0.11911949492502666,0.4436445927522222
352,0.11843735460058075,0.4511865738962517
353,0.11885558686221125,0.46090223652417545
354,0.11810399358009183,0.4331383968962998
355,0.11840127059603091,0.4334977442612413
356,0.11827112768971643,0.43632683866336697
357,0.11788134882521932,0.4463589286706487
358,0.11753974516283382,0.45339663668734126
359,0.11750275719650956,0.44244262014256147
360,0.11724296927326074,0.45085295619534665
361,0.1173147481667315,0.4525390484782516
362,0.11719267723203713,0.4334191611555756
363,0.11690378632498846,0.4243877881863078
364,0.1171233049784856,0.43751247300476326
365,0.11663240603866336,0.4192593454337511
366,0.11652626569754981,0.4399362301728765
367,0.11654483176468543,0.4565808184322764
368,0.11663933148721811,0.44439201911941906
369,0.11625869569012277,0.4334023172249559
370,0.11601206267264379,0.43127662944989126
371,0.11581796329728393,0.4201861314597677
372,0.11582576840265357,0.4534173312245822
373,0.11552188611622845,0.4656336048587424
374,0.11545747440568237,0.47385673469207323
375,0.11527423149498522,0.4351429675446182
376,0.11489870980476476,0.4593985095375874
377,0.11493500233893666,0.47157370970874535
378,0.11475683196623028,0.4600150682887093
379,0.11464613033399522,0.4689725366283636
380,0.11446880410576976,0.4474875733989184
381,0.11472282911518915,0.452994988345709
382,0.11462638594887474,0.4677465746148688
383,0.11436943501139545,0.4609493122237628
384,0.11454661638647255,0.467427986078575
385,0.11426741792869619,0.43836548142745846
386,0.11384089780187757,0.46401436260489165
387,0.11421708602765397,0.4241468452039312
388,0.11352462778320777,0.43457523281456995
389,0.1135620677776745,0.47008976682287745
390,0.11383357161289794,0.46929366202628026
391,0.11351313589270724,0.4494339547684935
392,0.11367633639506003,0.4602258266484151
393,0.11347001415320986,0.4777516004492025
394,0.11306702162101707,0.48195435668601366
395,0.11337724245344358,0.46226739517000853
396,0.11259547458768647,0.4749247847033329
397,0.11302434486862721,0.4668234647786031
398,0.11276152757553672,0.44900534216497767
399,0.11246554489714147,0.46227430882023984
400,0.11247204997070748,0.4526659562939503
401,0.11221872328388767,0.4768041318557302
402,0.11243015869538325,0.46159829028317184
403,0.11215649891731351,0.4565850376594262
404,0.11199968236539883,0.45693682036438926
405,0.11187776237190653,0.4433774938348864
406,0.11194599748256343,0.4729007604669352
407,0.11121585747782323,0.46336626371399303
408,0.11169493566985866,0.44834303465045866
409,0.11161485481337816,0.4932700981859301
410,0.11185438367863033,0.47882994740712836
411,0.11121660923037922,0.4567458842132912
412,0.11144037939308814,0.44721611699119945
413,0.11138719039128396,0.45814415617067306
414,0.11083382076680282,0.4631722266556787
415,0.11112927209908816,0.4403505491428688
416,0.1107275773461979,0.48383187392696003
417,0.11075376483747622,0.45658325196289623
418,0.11061710836739923,0.4493063229029296
419,0.11040383691547033,0.4388255816502649
420,0.11006498418701123,0.4515209884428587
421,0.11034543092419682,0.45914876974019847
422,0.10994367777167112,0.4709539706589746
423,0.10995700819925829,0.4677323146921689
424,0.10978261733439458,0.47044152900820874
425,0.10975976806551407,0.4965099780285945
426,0.10988214216638065,0.4810892814984087
427,0.1098010608056131,0.4611909284454877
428,0.10967223122558432,0.4640224920433076
429,0.10921922981361001,0.4616897953826873
430,0.10951902651982126,0.4680347513468539
431,0.10940176376927227,0.4848473265034253
432,0.10897951304566028,0.46398412570601605
433,0.10895270350178503,0.45451695239934764
434,0.10874781140124319,0.47785177949022073
435,0.10877465859969121,0.49189648789460544
436,0.10835799293683145,0.4671787302025029
437,0.10824278805869578,0.47280423953884937
438,0.1088449570801243,0.45452438930019
439,0.10856583965725677,0.44798410696084384
440,0.10815898925223512,0.46446388740031447
441,0.10894878758373523,0.4737163779676938
442,0.10844755688599501,0.4642539266191545
443,0.10833553921423428,0.48784675998765914
444,0.1085243182567915,0.4809337351165834
445,0.10782199300998865,0.44615291547579844
446,0.1078168899529706,0.47933915159741386
447,0.10805166631653496,0.46761760506473604
448,0.1081085111591453,0.47226594388484955
449,0.10800348775142343,0.48938992155379935
450,0.10784269192789624,0.449393418968701
451,0.10788357205074635,0.4422645253724739
452,0.10765121377075197,0.4698159240308355
453,0.10699293777409619,0.46014347281612333
454,0.10721201041662164,0.4569568152798981
455,0.10705560992371456,0.450492690088319
456,0.10711066372078266,0.4811637797316567
457,0.10739003904715148,0.4462542621815791
458,0.10721762644532619,0.46132328568911946
459,0.10664661277487213,0.4713661509459136
460,0.10633440131427874,0.4813126342706993
461,0.10673174554241888,0.46518308046411294
462,0.10663326094852442,0.45988399401062824
463,0.10655042417268673,0.49110607607442824
464,0.1065464662132001,0.46617262480688876
465,0.10598164331758628,0.4730416245636393
466,0.10611057879273282,0.45376765727996826
467,0.10610599642576174,0.4726927402566691
468,0.10621515808756961,0.4838841051840391
469,0.10607920701263067,0.4879546854339662
470,0.1059382001123141,0.46467718457589385
471,0.10576689832432326,0.48772041401902183
472,0.10561169221619218,0.49458754331362054
473,0.10541795205175246,0.4675107285624645
474,0.1053747033373498,0.4675269639882885
475,0.10549707580003376,0.4874923698237685
476,0.10557174632999156,0.462669733606401
477,0.10560032908842125,0.48067317756473044
478,0.10533375508027903,0.48980976690034395
479,0.10541930022879836,0.4946609840529864
480,0.10526005260599088,0.4622631454076923
481,0.1051894879838881,0.45340896678752585
482,0.10487272558895276,0.4665894676915935
483,0.10454291133623547,0.4628870316216203
484,0.10464061660412502,0.4454295237044819
485,0.10448684148002124,0.4642086011953041
486,0.10422409487293588,0.4634394499122119
487,0.1042554865081265,0.471777794302487
488,0.1044734399568833,0.4481093841986578
489,0.10442340218050536,0.47962390741363903
490,0.10396207090128552,0.47911602820529314
491,0.10432643926137346,0.45482895144673646
492,0.1038580110363552,0.4732046393585987
493,0.10375731340737473,0.4618393988882909
494,0.1042386547329562,0.4509349069634422
495,0.10373630663714752,0.44855468732411746
496,0.10364259787329155,0.4590192928177411
497,0.10391790411941093,0.4569445858236219
498,0.10314979828720869,0.4620363704982351
499,0.10343550934001457,0.4667520642769141
500,0.10329515038030596,0.4638201130218193
501,0.10289784307428193,0.47331623855184335
502,0.10323402672281477,0.4442984706065694
503,0.10273003748305,0.4731370596612086
504,0.10311884612601101,0.47097682244465
505,0.10269323109509325,0.45989748640138595
506,0.10290157114476532,0.4600317910557888
507,0.10299512092614779,0.46613687496693407
508,0.1026752469214526,0.44952354201527894
509,0.10265145174387141,0.48144962015699166
510,0.1025077829621811,0.45160572450669084
511,0.10282241316791821,0.47325558936009643
512,0.10192988760155049,0.47696182693614336
513,0.10233142375788527,0.44858652133433546
514,0.10212287492656305,0.5014956600841929
515,0.10178797752704731,0.47739826191644197
516,0.10169563870916407,0.4838278440178418
517,0.10212229156815476,0.4800565362465186
518,0.10153038507567652,0.45505030746342706
519,0.10175782205816555,0.4682791418716556
520,0.10176954427871845,0.46813173909656336
521,0.10135822969215112,0.4671677558637056
522,0.10175172304911795,0.47272578174950647
523,0.10183973402477974,0.4606722432081817
524,0.10132132487934689,0.4593135868428183
525,0.10133960459530984,0.47992144915901247
526,0.10112604353947065,0.49288043330927367
527,0.10103288667776619,0.47479499876499176
528,0.10158609875318364,0.44747335060698085
529,0.10126022606237495,0.45525829542855745
530,0.10087050772400033,0.46333080188172765
531,0.10094790993923869,0.46356860413903095
532,0.10060031882961759,0.4692197498239455
533,0.1010985702402244,0.4574666641286162
534,0.10086582934220044,0.4724297301202524
535,0.10075194859605512,0.4752356219487112
536,0.10040941302828002,0.4719682660747747
537,0.10039943536983736,0.4733552976709897
538,0.10002387544222917,0.4906718061595667
539,0.10012397526844108,0.4553417135946086
540,0.10020154414513398,0.47523109712561623
541,0.10002516785018288,0.4847470712466318
542,0.10038277084681246,0.48502878747025474
543,0.09971029986381279,0.48863656134879
544,0.10001845657037882,0.5308013336091745
545,0.09982981273695732,0.45906899161026127
546,0.09979350669565464,0.46649122067162246
547,0.10005751390002243,0.4896662254802516
548,0.09945986028485015,0.48497002999313543
549,0.09979397476696061,0.4552570376239839
550,0.0995385793783952,0.4660226165271196
551,0.09944556291209215,0.4749567403656537
552,0.09934349506935912,0.5032880003335046
553,0.09926681033873155,0.4788312528465615
554,0.09907474379049296,0.4754720249625503
555,0.0993470056789748,0.4708214411970045
556,0.09880707947730262,0.4790524713328627
557,0.09906627771781312,0.4739096008363317
558,0.09870594400463598,0.4843731925624316
559,0.09854155608765923,0.47971158462469693
560,0.0987600121040677,0.4726316367016464
561,0.0987432110015043,0.45012825947315965
562,0.09868714997021139,0.5066577775067971
563,0.09850070177406135,0.5084902544002063
564,0.09881980409235329,0.47022561362532317
565,0.09836241639126683,0.4892312014689211
566,0.09873869923784163,0.5044831193861414
567,0.09832194033246212,0.4793475258057235
568,0.09822908494361611,0.4738011885373319
569,0.09848635446823677,0.4865405403199743
570,0.09850223024570665,0.4780595043643576
571,0.09803401870972006,0.4941048111583366
572,0.09853676209584603,0.4680719541721657
573,0.09784805504546105,0.46427127401359747
574,0.09822324779176057,0.4589196575469658
575,0.09809869104882124,0.4802308334190337
576,0.09817565605831953,0.4836375361583272
577,0.097579572334035,0.4669352247089636
578,0.09778659548177275,0.47008579383130933
579,0.09746923168479261,0.46421432055410794
580,0.09758146934163998,0.49565505346313854
581,0.09745157896354006,0.48874514806466024
582,0.09739728367259336,0.4693700593025958
583,0.09722279484755897,0.48263010065086553
584,0.09719477326906509,0.46888311134010063
585,0.09740759073175789,0.4673874468588438
586,0.09709449304586737,0.4779585900365329
587,0.09708798592851102,0.45429033382994227
588,0.09676168243898901,0.4756738010977135
589,0.09657004835521192,0.5102571732685214
590,0.09685477297792475,0.5016248797784086
591,0.09712983824580466,0.478352996413825
592,0.09663789122351632,0.4641118201076007
593,0.09699161950868986,0.4710886537051592
594,0.09651232956186032,0.4707035520037667
595,0.09665546195294086,0.4751022609530902
596,0.09641783007166603,0.5068611629673692
597,0.0965064448200119,0.4771476207209415
598,0.0965778408749285,0.4925732578410477
599,0.09625936667365957,0.4905581652629571
600,0.09613861890222256,0.49057870321586483
601,0.0888478710034559,0.48260310218959557
602,0.0869667723058205,0.4927244056932262
603,0.08658780384391357,0.4854135703845102
604,0.08640357075420545,0.48290716893360264
605,0.08584231268181357,0.4942864331065631
606,0.08567771245873125,0.4977170759048618
607,0.08582463033544589,0.5162764125671543
608,0.08537776573673363,0.4861378295988333
609,0.08534933180877069,0.5122418330341089
610,0.08504713340081574,0.48573456924469743
611,0.08507051091271021,0.4902204819878594
612,0.08479574902365122,0.4980577653060194
613,0.08487920633597934,0.4841049914477301
614,0.08475147585835442,0.49556770261193883
615,0.08450037634775956,0.5113983252009408
616,0.08421169622677199,0.506398855907018
617,0.08428448642235856,0.4987362403361524
618,0.08425572584235518,0.49594591728976517
619,0.08402128664906634,0.4745999963068571
620,0.08402658488609321,0.49183881111809463
621,0.08393417679592495,0.5000704287505541
622,0.08374687769779066,0.4892681414475206
623,0.08403779196909315,0.48570385673007027
624,0.08418870063982983,0.4937701621016518
625,0.08395773594525602,0.503731369972229
626,0.08395044994688185,0.502998441946311
627,0.08374082334103343,0.5007089569431836
628,0.0835225613153762,0.49471342832338616
629,0.08355991202888982,0.4885797813290455
630,0.08335344600107276,0.5206322594255698
631,0.0833212878972481,0.48375532788331393
632,0.08372284259733766,0.48465389697278133
633,0.0834865135792446,0.4958635126469565
634,0.08283353733966013,0.5058203806154064
635,0.0833259861498882,0.4991242150302793
636,0.08346271969330739,0.49974152885499545
637,0.08315548280659614,0.49067705234543224
638,0.08289235939387918,0.5024571318606861
639,0.08277489192957102,0.5013827989335919
640,0.08301223953496704,0.49720718650544277
641,0.08278691461880791,0.5147445866318999
642,0.08300888039817518,0.5086574021910057
643,0.0828616830183638,0.5082922445946052
644,0.0829261038058593,0.5150900331676983
645,0.08293341925214133,0.5157745851845038
646,0.08294812888773374,0.50481287451064
647,0.08261882866994649,0.5128374703106333
648,0.08282390858655123,0.5123569813908123
649,0.08252773015320805,0.501730959190697
650,0.08264502954627949,0.4746388301986163
651,0.0827623375083062,0.5050391850412869
652,0.08247534320719273,0.50258327898432
653,0.0823593391597775,0.5224496920089252
654,0.08229026043626143,0.5123709855509586
655,0.08248557262201389,0.5259556938878825
656,0.08235600966385252,0.5115779025144265
657,0.08242972240828561,0.5197345116099373
658,0.08258832078308938,0.48764781824878006
659,0.08223790222144908,0.5221755758660739
660,0.08204735798591917,0.5151051812973179
661,0.08199779228966912,0.5055009026507862
662,0.08214464131545819,0.5098523192229818
663,0.08183155707369143,0.49955166925172334
664,0.0821413624299253,0.49825137829194305
665,0.08197197715808927,0.5120790170841529
666,0.08149319812734207,0.5130214192828194
667,0.08186490519117981,0.506977233241816
668,0.08177733987207518,0.49357470625736677
669,0.08160440079537053,0.5206329412147647
670,0.08199338928006794,0.49793817689184283
671,0.08187294607670942,0.5077883112625997
672,0.08168758411377858,0.49992859729977907
673,0.08178445006510042,0.486310356953105
674,0.08139586294696019,0.4873768223113701
675,0.08181041325531097,0.49625073910736645
676,0.08152317344732819,0.5104149174494822
677,0.08143660938465697,0.5078182476954382
678,0.08180960185479286,0.4890243237624403
679,0.08132027961061697,0.4989598249314261
680,0.08148824781510215,0.48012124661539424
681,0.0815002435137051,0.48516405972300986
682,0.08173717217752217,0.4977600151886705
683,0.0815258746687126,0.5030179040842369
684,0.08110958450408869,0.5060267685378184
685,0.08128325160726685,0.4901826103202632
686,0.08115200838172537,0.5052019272182808
